WARNING 2019-08-11 19:16:14,419 base 152 Not Found: /
WARNING 2019-08-11 19:16:14,420 basehttp 124 "GET / HTTP/1.1" 404 2343
WARNING 2019-08-11 19:16:15,028 base 152 Not Found: /favicon.ico
WARNING 2019-08-11 19:16:15,028 basehttp 124 "GET /favicon.ico HTTP/1.1" 404 2394
WARNING 2019-08-11 19:16:46,236 base 152 Not Found: /
WARNING 2019-08-11 19:16:46,305 basehttp 124 "GET / HTTP/1.1" 404 2343
INFO 2019-08-11 19:19:30,973 basehttp 124 "GET /admin/ HTTP/1.1" 302 0
INFO 2019-08-11 19:19:31,182 basehttp 124 "GET /admin/login/?next=/admin/ HTTP/1.1" 200 1652
INFO 2019-08-11 19:19:31,267 basehttp 124 "GET /static/admin/css/login.css HTTP/1.1" 200 1203
INFO 2019-08-11 19:19:31,268 basehttp 124 "GET /static/admin/css/base.css HTTP/1.1" 200 16066
INFO 2019-08-11 19:19:31,320 basehttp 124 "GET /static/admin/css/fonts.css HTTP/1.1" 200 423
INFO 2019-08-11 19:19:31,426 basehttp 124 "GET /static/admin/fonts/Roboto-Regular-webfont.woff HTTP/1.1" 200 80304
INFO 2019-08-11 19:19:31,438 basehttp 124 "GET /static/admin/fonts/Roboto-Light-webfont.woff HTTP/1.1" 200 81348
INFO 2019-08-11 19:26:45,604 basehttp 124 "GET /static/register.html HTTP/1.1" 200 2452
INFO 2019-08-11 19:26:45,623 basehttp 124 "GET /static/js/register.js HTTP/1.1" 200 2312
INFO 2019-08-11 19:26:45,626 basehttp 124 "GET /static/images/logo02.png HTTP/1.1" 200 18818
INFO 2019-08-11 19:26:45,678 basehttp 124 "GET /static/css/main.css HTTP/1.1" 200 22992
INFO 2019-08-11 19:26:45,692 basehttp 124 "GET /static/js/jquery-1.12.4.min.js HTTP/1.1" 200 97163
WARNING 2019-08-11 19:26:45,717 basehttp 124 "GET /static/css/reset.css HTTP/1.1" 404 1652
INFO 2019-08-11 19:26:46,158 basehttp 124 "GET /static/images/interval_line.png HTTP/1.1" 200 1123
INFO 2019-08-11 19:26:46,161 basehttp 124 "GET /static/images/icons02.png HTTP/1.1" 200 2071
INFO 2019-08-11 19:26:46,163 basehttp 124 "GET /static/images/register_banner.png HTTP/1.1" 200 54894
